(pc-changed 0x4F0:64u)
(pc-changed 0x4F2:64u)
(pc-changed 0x4F5:64u)
(assert-failure (null-pointer-dereference))
(assert-failure (null-pointer-dereference))
(assert-failure (null-pointer-dereference))
(assert-failure (null-pointer-dereference))
(assert-failure (null-pointer-dereference))
(assert-failure (null-pointer-dereference))
(assert-failure (null-pointer-dereference))
(assert-failure (null-pointer-dereference))
(pc-changed 0x4F6:64u)
(pc-changed 0x4F9:64u)
(pc-changed 0x4FD:64u)
(assert-failure (null-pointer-dereference))
(assert-failure (null-pointer-dereference))
(assert-failure (null-pointer-dereference))
(assert-failure (null-pointer-dereference))
(assert-failure (null-pointer-dereference))
(assert-failure (null-pointer-dereference))
(assert-failure (null-pointer-dereference))
(assert-failure (null-pointer-dereference))
(pc-changed 0x4FE:64u)
(assert-failure (null-pointer-dereference))
(assert-failure (null-pointer-dereference))
(assert-failure (null-pointer-dereference))
(assert-failure (null-pointer-dereference))
(assert-failure (null-pointer-dereference))
(assert-failure (null-pointer-dereference))
(assert-failure (null-pointer-dereference))
(assert-failure (null-pointer-dereference))
(pc-changed 0x4FF:64u)
(pc-changed 0x506:64u)
(pc-changed 0x50D:64u)
(pc-changed 0x514:64u)
(assert-failure (null-pointer-dereference))
(assert-failure (null-pointer-dereference))
(assert-failure (null-pointer-dereference))
(assert-failure (null-pointer-dereference))
(assert-failure (null-pointer-dereference))
(assert-failure (null-pointer-dereference))
(assert-failure (null-pointer-dereference))
(assert-failure (null-pointer-dereference))
(assert-failure (null-pointer-dereference))
(assert-failure (null-pointer-dereference))
(assert-failure (null-pointer-dereference))
(assert-failure (null-pointer-dereference))
(assert-failure (null-pointer-dereference))
(assert-failure (null-pointer-dereference))
(assert-failure (null-pointer-dereference))
(assert-failure (null-pointer-dereference))
(assert-failure (null-pointer-dereference))
(assert-failure (null-pointer-dereference))
(assert-failure (null-pointer-dereference))
(assert-failure (null-pointer-dereference))
(assert-failure (null-pointer-dereference))
(assert-failure (null-pointer-dereference))
(assert-failure (null-pointer-dereference))
(assert-failure (null-pointer-dereference))
(pc-changed 0x618:64u)
(assert-failure (null-pointer-dereference))
(assert-failure (null-pointer-dereference))
(assert-failure (null-pointer-dereference))
(assert-failure (null-pointer-dereference))
(assert-failure (null-pointer-dereference))
(assert-failure (null-pointer-dereference))
(assert-failure (null-pointer-dereference))
(assert-failure (null-pointer-dereference))
(pc-changed 0x619:64u)
(pc-changed 0x61C:64u)
(pc-changed 0x621:64u)
(assert-failure (null-pointer-dereference))
(assert-failure (null-pointer-dereference))
(assert-failure (null-pointer-dereference))
(assert-failure (null-pointer-dereference))
(assert-failure (null-pointer-dereference))
(assert-failure (null-pointer-dereference))
(assert-failure (null-pointer-dereference))
(assert-failure (null-pointer-dereference))
(pc-changed 0x622:64u)
(assert-failure (null-pointer-dereference))
(assert-failure (null-pointer-dereference))
(assert-failure (null-pointer-dereference))
(assert-failure (null-pointer-dereference))
(assert-failure (null-pointer-dereference))
(assert-failure (null-pointer-dereference))
(assert-failure (null-pointer-dereference))
(assert-failure (null-pointer-dereference))
(pc-changed 0x51A:64u)
(pc-changed 0x520:64u)
(pc-changed 0x527:64u)
(assert-failure (null-pointer-dereference))
(assert-failure (null-pointer-dereference))
(assert-failure (null-pointer-dereference))
(assert-failure (null-pointer-dereference))
(assert-failure (null-pointer-dereference))
(assert-failure (null-pointer-dereference))
(assert-failure (null-pointer-dereference))
(assert-failure (null-pointer-dereference))
(pc-changed 0x528:64u)
(pc-changed 0x52F:64u)
(pc-changed 0x532:64u)
(pc-changed 0x535:64u)
(pc-changed 0x550:64u)
(assert-failure (null-pointer-dereference))
(assert-failure (null-pointer-dereference))
(assert-failure (null-pointer-dereference))
(assert-failure (null-pointer-dereference))
(assert-failure (null-pointer-dereference))
(assert-failure (null-pointer-dereference))
(assert-failure (null-pointer-dereference))
(assert-failure (null-pointer-dereference))
(pc-changed 0x551:64u)
(assert-failure (null-pointer-dereference))
(assert-failure (null-pointer-dereference))
(assert-failure (null-pointer-dereference))
(assert-failure (null-pointer-dereference))
(assert-failure (null-pointer-dereference))
(assert-failure (null-pointer-dereference))
(assert-failure (null-pointer-dereference))
(assert-failure (null-pointer-dereference))
