(call (_start))
(call (__libc_start_main 0x6A5 0 0x40000008 0x6D0))
(call (main 0 0x40000008))
(call (malloc 0x2A))
(call (foo))
(taint-attached (Direct 1 0:8u#1789))
(taint-attached (Direct 1 0:8u#1792))
(taint-attached (Direct 1 0:8u#1795))
(taint-attached (Direct 1 0:8u#1798))
(taint-attached (Direct 1 0:8u#1801))
(taint-attached (Direct 1 0x20:8u#1804))
(taint-attached (Direct 1 0x10:8u#1807))
(taint-attached (Direct 1 0x28:8u#1810))
(taint-attached (Indirect 1 0x3FFFFFC8:64u#1809))
(taint-attached (Indirect 1 0x3FFFFFC9:64u#1806))
(taint-attached (Indirect 1 0x3FFFFFCA:64u#1803))
(taint-attached (Indirect 1 0x3FFFFFCB:64u#1800))
(taint-attached (Indirect 1 0x3FFFFFCC:64u#1797))
(taint-attached (Indirect 1 0x3FFFFFCD:64u#1794))
(taint-attached (Indirect 1 0x3FFFFFCE:64u#1791))
(taint-attached (Indirect 1 0x3FFFFFCF:64u#1788))
(taint-attached (Direct 1 0:8u#1789))
(taint-attached (Direct 1 0:8u#1792))
(taint-attached (Direct 1 0:16u#1815))
(taint-attached (Direct 1 0:8u#1795))
(taint-attached (Direct 1 0:24u#1818))
(taint-attached (Direct 1 0:8u#1798))
(taint-attached (Direct 1 0:32u#1821))
(taint-attached (Direct 1 0:8u#1801))
(taint-attached (Direct 1 0:40u#1824))
(taint-attached (Direct 1 0x20:8u#1804))
(taint-attached (Direct 1 0x20:48u#1827))
(taint-attached (Direct 1 0x10:8u#1807))
(taint-attached (Direct 1 0x2010:56u#1830))
(taint-attached (Direct 1 0x28:8u#1810))
(taint-attached (Direct 1 0x201028:64u#1833))
(call (free 0x201028))
(taint-attached (Direct 1 0x201028:32u#1916))
(call (deregister_tm_clones))
